0 info it worked if it ends with ok
1 verbose cli [ 'C:\\Users\\S.Faina\\Desktop\\workspace-intranet-dag\\themes\\intranet-mef-layouttpl\\build_gradle\\node\\bin\\node.exe',
1 verbose cli   'C:\\Users\\S.Faina\\Desktop\\workspace-intranet-dag\\themes\\intranet-mef-layouttpl\\build_gradle\\node\\lib\\node_modules\\npm\\bin\\npm-cli.js',
1 verbose cli   '--cache',
1 verbose cli   'C:/Users/S.Faina/Desktop/workspace-intranet-dag/themes/intranet-mef-layouttpl/build_gradle/node/.cache',
1 verbose cli   '--loglevel',
1 verbose cli   'warn',
1 verbose cli   '--progress',
1 verbose cli   'true',
1 verbose cli   'install' ]
2 info using npm@3.3.12
3 info using node@v5.5.0
4 verbose stack Error: Cannot find module 'is-property'
4 verbose stack     at Function.Module._resolveFilename (module.js:339:15)
4 verbose stack     at Function.Module._load (module.js:290:25)
4 verbose stack     at Module.require (module.js:367:17)
4 verbose stack     at require (internal/module.js:16:19)
4 verbose stack     at Object.<anonymous> (C:\Users\S.Faina\Desktop\workspace-intranet-dag\themes\intranet-mef-layouttpl\build_gradle\node\lib\node_modules\npm\node_modules\request\node_modules\har-validator\node_modules\is-my-json-valid\node_modules\generate-object-property\index.js:1:80)
4 verbose stack     at Module._compile (module.js:413:34)
4 verbose stack     at Object.Module._extensions..js (module.js:422:10)
4 verbose stack     at Module.load (module.js:357:32)
4 verbose stack     at Function.Module._load (module.js:314:12)
4 verbose stack     at Module.require (module.js:367:17)
5 verbose cwd C:\Users\S.Faina\Desktop\workspace-intranet-dag\themes\intranet-mef-layouttpl
6 error Windows_NT 10.0.18362
7 error argv "C:\\Users\\S.Faina\\Desktop\\workspace-intranet-dag\\themes\\intranet-mef-layouttpl\\build_gradle\\node\\bin\\node.exe" "C:\\Users\\S.Faina\\Desktop\\workspace-intranet-dag\\themes\\intranet-mef-layouttpl\\build_gradle\\node\\lib\\node_modules\\npm\\bin\\npm-cli.js" "--cache" "C:/Users/S.Faina/Desktop/workspace-intranet-dag/themes/intranet-mef-layouttpl/build_gradle/node/.cache" "--loglevel" "warn" "--progress" "true" "install"
8 error node v5.5.0
9 error npm  v3.3.12
10 error code MODULE_NOT_FOUND
11 error Cannot find module 'is-property'
12 error If you need help, you may report this error at:
12 error     <https://github.com/npm/npm/issues>
13 verbose exit [ 1, true ]
